[05-Dec-2022 08:45:53 UTC] PHP Notice:  Undefined variable: capability in C:\laragon\www\soleos\wp-content\themes\soleos\custom-functions.php on line 352
[05-Dec-2022 08:45:53 UTC] PHP Notice:  Undefined variable: name in C:\laragon\www\soleos\wp-content\themes\soleos\custom-functions.php on line 352
[05-Dec-2022 08:45:53 UTC] PHP Notice:  Undefined offset: 0 in C:\laragon\www\soleos\wp-includes\plugin.php on line 1011
[05-Dec-2022 08:45:53 UTC] PHP Notice:  Undefined offset: 0 in C:\laragon\www\soleos\wp-includes\plugin.php on line 1014
[05-Dec-2022 08:45:53 UTC] PHP Notice:  Undefined variable: capability in C:\laragon\www\soleos\wp-content\themes\soleos\custom-functions.php on line 353
[05-Dec-2022 08:45:53 UTC] PHP Notice:  Undefined variable: name in C:\laragon\www\soleos\wp-content\themes\soleos\custom-functions.php on line 353
[05-Dec-2022 08:45:53 UTC] PHP Notice:  Undefined offset: 0 in C:\laragon\www\soleos\wp-includes\plugin.php on line 1011
[05-Dec-2022 08:45:53 UTC] PHP Notice:  Undefined offset: 0 in C:\laragon\www\soleos\wp-includes\plugin.php on line 1014
[05-Dec-2022 08:45:55 UTC] PHP Notice:  Undefined variable: capability in C:\laragon\www\soleos\wp-content\themes\soleos\custom-functions.php on line 352
[05-Dec-2022 08:45:55 UTC] PHP Notice:  Undefined variable: name in C:\laragon\www\soleos\wp-content\themes\soleos\custom-functions.php on line 352
[05-Dec-2022 08:45:55 UTC] PHP Notice:  Undefined offset: 0 in C:\laragon\www\soleos\wp-includes\plugin.php on line 1011
[05-Dec-2022 08:45:55 UTC] PHP Notice:  Undefined offset: 0 in C:\laragon\www\soleos\wp-includes\plugin.php on line 1014
[05-Dec-2022 08:45:55 UTC] PHP Notice:  Undefined variable: capability in C:\laragon\www\soleos\wp-content\themes\soleos\custom-functions.php on line 353
[05-Dec-2022 08:45:55 UTC] PHP Notice:  Undefined variable: name in C:\laragon\www\soleos\wp-content\themes\soleos\custom-functions.php on line 353
[05-Dec-2022 08:45:55 UTC] PHP Notice:  Undefined offset: 0 in C:\laragon\www\soleos\wp-includes\plugin.php on line 1011
[05-Dec-2022 08:45:55 UTC] PHP Notice:  Undefined offset: 0 in C:\laragon\www\soleos\wp-includes\plugin.php on line 1014
[05-Dec-2022 08:45:55 UTC] PHP Notice:  Undefined variable: capability in C:\laragon\www\soleos\wp-content\themes\soleos\custom-functions.php on line 352
[05-Dec-2022 08:45:55 UTC] PHP Notice:  Undefined variable: name in C:\laragon\www\soleos\wp-content\themes\soleos\custom-functions.php on line 352
[05-Dec-2022 08:45:55 UTC] PHP Notice:  Undefined offset: 0 in C:\laragon\www\soleos\wp-includes\plugin.php on line 1011
[05-Dec-2022 08:45:55 UTC] PHP Notice:  Undefined offset: 0 in C:\laragon\www\soleos\wp-includes\plugin.php on line 1014
[05-Dec-2022 08:45:55 UTC] PHP Notice:  Undefined variable: capability in C:\laragon\www\soleos\wp-content\themes\soleos\custom-functions.php on line 353
[05-Dec-2022 08:45:55 UTC] PHP Notice:  Undefined variable: name in C:\laragon\www\soleos\wp-content\themes\soleos\custom-functions.php on line 353
[05-Dec-2022 08:45:55 UTC] PHP Notice:  Undefined offset: 0 in C:\laragon\www\soleos\wp-includes\plugin.php on line 1011
[05-Dec-2022 08:45:55 UTC] PHP Notice:  Undefined offset: 0 in C:\laragon\www\soleos\wp-includes\plugin.php on line 1014
[05-Dec-2022 08:46:01 UTC] PHP Notice:  Undefined variable: capability in C:\laragon\www\soleos\wp-content\themes\soleos\custom-functions.php on line 352
[05-Dec-2022 08:46:01 UTC] PHP Notice:  Undefined variable: name in C:\laragon\www\soleos\wp-content\themes\soleos\custom-functions.php on line 352
[05-Dec-2022 08:46:01 UTC] PHP Notice:  Undefined offset: 0 in C:\laragon\www\soleos\wp-includes\plugin.php on line 1011
[05-Dec-2022 08:46:01 UTC] PHP Notice:  Undefined offset: 0 in C:\laragon\www\soleos\wp-includes\plugin.php on line 1014
[05-Dec-2022 08:46:01 UTC] PHP Notice:  Undefined variable: capability in C:\laragon\www\soleos\wp-content\themes\soleos\custom-functions.php on line 353
[05-Dec-2022 08:46:01 UTC] PHP Notice:  Undefined variable: name in C:\laragon\www\soleos\wp-content\themes\soleos\custom-functions.php on line 353
[05-Dec-2022 08:46:01 UTC] PHP Notice:  Undefined offset: 0 in C:\laragon\www\soleos\wp-includes\plugin.php on line 1011
[05-Dec-2022 08:46:01 UTC] PHP Notice:  Undefined offset: 0 in C:\laragon\www\soleos\wp-includes\plugin.php on line 1014
[05-Dec-2022 08:46:02 UTC] PHP Notice:  Undefined variable: capability in C:\laragon\www\soleos\wp-content\themes\soleos\custom-functions.php on line 352
[05-Dec-2022 08:46:02 UTC] PHP Notice:  Undefined variable: name in C:\laragon\www\soleos\wp-content\themes\soleos\custom-functions.php on line 352
[05-Dec-2022 08:46:02 UTC] PHP Notice:  Undefined offset: 0 in C:\laragon\www\soleos\wp-includes\plugin.php on line 1011
[05-Dec-2022 08:46:02 UTC] PHP Notice:  Undefined offset: 0 in C:\laragon\www\soleos\wp-includes\plugin.php on line 1014
[05-Dec-2022 08:46:02 UTC] PHP Notice:  Undefined variable: capability in C:\laragon\www\soleos\wp-content\themes\soleos\custom-functions.php on line 353
[05-Dec-2022 08:46:02 UTC] PHP Notice:  Undefined variable: name in C:\laragon\www\soleos\wp-content\themes\soleos\custom-functions.php on line 353
[05-Dec-2022 08:46:02 UTC] PHP Notice:  Undefined offset: 0 in C:\laragon\www\soleos\wp-includes\plugin.php on line 1011
[05-Dec-2022 08:46:02 UTC] PHP Notice:  Undefined offset: 0 in C:\laragon\www\soleos\wp-includes\plugin.php on line 1014
[05-Dec-2022 08:46:14 UTC] PHP Notice:  Undefined variable: capability in C:\laragon\www\soleos\wp-content\themes\soleos\custom-functions.php on line 352
[05-Dec-2022 08:46:14 UTC] PHP Notice:  Undefined variable: name in C:\laragon\www\soleos\wp-content\themes\soleos\custom-functions.php on line 352
[05-Dec-2022 08:46:14 UTC] PHP Notice:  Undefined offset: 0 in C:\laragon\www\soleos\wp-includes\plugin.php on line 1011
[05-Dec-2022 08:46:14 UTC] PHP Notice:  Undefined offset: 0 in C:\laragon\www\soleos\wp-includes\plugin.php on line 1014
[05-Dec-2022 08:46:14 UTC] PHP Notice:  Undefined variable: capability in C:\laragon\www\soleos\wp-content\themes\soleos\custom-functions.php on line 353
[05-Dec-2022 08:46:14 UTC] PHP Notice:  Undefined variable: name in C:\laragon\www\soleos\wp-content\themes\soleos\custom-functions.php on line 353
[05-Dec-2022 08:46:14 UTC] PHP Notice:  Undefined offset: 0 in C:\laragon\www\soleos\wp-includes\plugin.php on line 1011
[05-Dec-2022 08:46:14 UTC] PHP Notice:  Undefined offset: 0 in C:\laragon\www\soleos\wp-includes\plugin.php on line 1014
[05-Dec-2022 08:46:20 UTC] PHP Notice:  Undefined variable: capability in C:\laragon\www\soleos\wp-content\themes\soleos\custom-functions.php on line 352
[05-Dec-2022 08:46:20 UTC] PHP Notice:  Undefined variable: name in C:\laragon\www\soleos\wp-content\themes\soleos\custom-functions.php on line 352
[05-Dec-2022 08:46:20 UTC] PHP Notice:  Undefined offset: 0 in C:\laragon\www\soleos\wp-includes\plugin.php on line 1011
[05-Dec-2022 08:46:20 UTC] PHP Notice:  Undefined offset: 0 in C:\laragon\www\soleos\wp-includes\plugin.php on line 1014
[05-Dec-2022 08:46:20 UTC] PHP Notice:  Undefined variable: capability in C:\laragon\www\soleos\wp-content\themes\soleos\custom-functions.php on line 353
[05-Dec-2022 08:46:20 UTC] PHP Notice:  Undefined variable: name in C:\laragon\www\soleos\wp-content\themes\soleos\custom-functions.php on line 353
[05-Dec-2022 08:46:20 UTC] PHP Notice:  Undefined offset: 0 in C:\laragon\www\soleos\wp-includes\plugin.php on line 1011
[05-Dec-2022 08:46:20 UTC] PHP Notice:  Undefined offset: 0 in C:\laragon\www\soleos\wp-includes\plugin.php on line 1014
[05-Dec-2022 08:46:32 UTC] PHP Notice:  Undefined variable: capability in C:\laragon\www\soleos\wp-content\themes\soleos\custom-functions.php on line 352
[05-Dec-2022 08:46:32 UTC] PHP Notice:  Undefined variable: name in C:\laragon\www\soleos\wp-content\themes\soleos\custom-functions.php on line 352
[05-Dec-2022 08:46:32 UTC] PHP Notice:  Undefined offset: 0 in C:\laragon\www\soleos\wp-includes\plugin.php on line 1011
[05-Dec-2022 08:46:32 UTC] PHP Notice:  Undefined offset: 0 in C:\laragon\www\soleos\wp-includes\plugin.php on line 1014
[05-Dec-2022 08:46:32 UTC] PHP Notice:  Undefined variable: capability in C:\laragon\www\soleos\wp-content\themes\soleos\custom-functions.php on line 353
[05-Dec-2022 08:46:32 UTC] PHP Notice:  Undefined variable: name in C:\laragon\www\soleos\wp-content\themes\soleos\custom-functions.php on line 353
[05-Dec-2022 08:46:32 UTC] PHP Notice:  Undefined offset: 0 in C:\laragon\www\soleos\wp-includes\plugin.php on line 1011
[05-Dec-2022 08:46:32 UTC] PHP Notice:  Undefined offset: 0 in C:\laragon\www\soleos\wp-includes\plugin.php on line 1014
[05-Dec-2022 08:46:33 UTC] PHP Notice:  Undefined variable: capability in C:\laragon\www\soleos\wp-content\themes\soleos\custom-functions.php on line 352
[05-Dec-2022 08:46:33 UTC] PHP Notice:  Undefined variable: name in C:\laragon\www\soleos\wp-content\themes\soleos\custom-functions.php on line 352
[05-Dec-2022 08:46:33 UTC] PHP Notice:  Undefined offset: 0 in C:\laragon\www\soleos\wp-includes\plugin.php on line 1011
[05-Dec-2022 08:46:33 UTC] PHP Notice:  Undefined offset: 0 in C:\laragon\www\soleos\wp-includes\plugin.php on line 1014
[05-Dec-2022 08:46:33 UTC] PHP Notice:  Undefined variable: capability in C:\laragon\www\soleos\wp-content\themes\soleos\custom-functions.php on line 353
[05-Dec-2022 08:46:33 UTC] PHP Notice:  Undefined variable: name in C:\laragon\www\soleos\wp-content\themes\soleos\custom-functions.php on line 353
[05-Dec-2022 08:46:33 UTC] PHP Notice:  Undefined offset: 0 in C:\laragon\www\soleos\wp-includes\plugin.php on line 1011
[05-Dec-2022 08:46:33 UTC] PHP Notice:  Undefined offset: 0 in C:\laragon\www\soleos\wp-includes\plugin.php on line 1014
[05-Dec-2022 08:46:33 UTC] PHP Notice:  Undefined variable: capability in C:\laragon\www\soleos\wp-content\themes\soleos\custom-functions.php on line 352
[05-Dec-2022 08:46:33 UTC] PHP Notice:  Undefined variable: name in C:\laragon\www\soleos\wp-content\themes\soleos\custom-functions.php on line 352
[05-Dec-2022 08:46:33 UTC] PHP Notice:  Undefined offset: 0 in C:\laragon\www\soleos\wp-includes\plugin.php on line 1011
[05-Dec-2022 08:46:33 UTC] PHP Notice:  Undefined offset: 0 in C:\laragon\www\soleos\wp-includes\plugin.php on line 1014
[05-Dec-2022 08:46:33 UTC] PHP Notice:  Undefined variable: capability in C:\laragon\www\soleos\wp-content\themes\soleos\custom-functions.php on line 353
[05-Dec-2022 08:46:33 UTC] PHP Notice:  Undefined variable: name in C:\laragon\www\soleos\wp-content\themes\soleos\custom-functions.php on line 353
[05-Dec-2022 08:46:33 UTC] PHP Notice:  Undefined offset: 0 in C:\laragon\www\soleos\wp-includes\plugin.php on line 1011
[05-Dec-2022 08:46:33 UTC] PHP Notice:  Undefined offset: 0 in C:\laragon\www\soleos\wp-includes\plugin.php on line 1014
[05-Dec-2022 08:46:34 UTC] PHP Notice:  Undefined variable: capability in C:\laragon\www\soleos\wp-content\themes\soleos\custom-functions.php on line 352
[05-Dec-2022 08:46:34 UTC] PHP Notice:  Undefined variable: name in C:\laragon\www\soleos\wp-content\themes\soleos\custom-functions.php on line 352
[05-Dec-2022 08:46:34 UTC] PHP Notice:  Undefined offset: 0 in C:\laragon\www\soleos\wp-includes\plugin.php on line 1011
[05-Dec-2022 08:46:34 UTC] PHP Notice:  Undefined offset: 0 in C:\laragon\www\soleos\wp-includes\plugin.php on line 1014
[05-Dec-2022 08:46:34 UTC] PHP Notice:  Undefined variable: capability in C:\laragon\www\soleos\wp-content\themes\soleos\custom-functions.php on line 353
[05-Dec-2022 08:46:34 UTC] PHP Notice:  Undefined variable: name in C:\laragon\www\soleos\wp-content\themes\soleos\custom-functions.php on line 353
[05-Dec-2022 08:46:34 UTC] PHP Notice:  Undefined offset: 0 in C:\laragon\www\soleos\wp-includes\plugin.php on line 1011
[05-Dec-2022 08:46:34 UTC] PHP Notice:  Undefined offset: 0 in C:\laragon\www\soleos\wp-includes\plugin.php on line 1014
[05-Dec-2022 08:47:10 UTC] PHP Notice:  Undefined variable: capability in C:\laragon\www\soleos\wp-content\themes\soleos\custom-functions.php on line 352
[05-Dec-2022 08:47:10 UTC] PHP Notice:  Undefined variable: name in C:\laragon\www\soleos\wp-content\themes\soleos\custom-functions.php on line 352
[05-Dec-2022 08:47:10 UTC] PHP Notice:  Undefined offset: 0 in C:\laragon\www\soleos\wp-includes\plugin.php on line 1011
[05-Dec-2022 08:47:10 UTC] PHP Notice:  Undefined offset: 0 in C:\laragon\www\soleos\wp-includes\plugin.php on line 1014
[05-Dec-2022 08:47:10 UTC] PHP Notice:  Undefined variable: capability in C:\laragon\www\soleos\wp-content\themes\soleos\custom-functions.php on line 353
[05-Dec-2022 08:47:10 UTC] PHP Notice:  Undefined variable: name in C:\laragon\www\soleos\wp-content\themes\soleos\custom-functions.php on line 353
[05-Dec-2022 08:47:10 UTC] PHP Notice:  Undefined offset: 0 in C:\laragon\www\soleos\wp-includes\plugin.php on line 1011
[05-Dec-2022 08:47:10 UTC] PHP Notice:  Undefined offset: 0 in C:\laragon\www\soleos\wp-includes\plugin.php on line 1014
[05-Dec-2022 08:47:12 UTC] PHP Notice:  Undefined variable: capability in C:\laragon\www\soleos\wp-content\themes\soleos\custom-functions.php on line 352
[05-Dec-2022 08:47:12 UTC] PHP Notice:  Undefined variable: name in C:\laragon\www\soleos\wp-content\themes\soleos\custom-functions.php on line 352
[05-Dec-2022 08:47:12 UTC] PHP Notice:  Undefined offset: 0 in C:\laragon\www\soleos\wp-includes\plugin.php on line 1011
[05-Dec-2022 08:47:12 UTC] PHP Notice:  Undefined offset: 0 in C:\laragon\www\soleos\wp-includes\plugin.php on line 1014
[05-Dec-2022 08:47:12 UTC] PHP Notice:  Undefined variable: capability in C:\laragon\www\soleos\wp-content\themes\soleos\custom-functions.php on line 353
[05-Dec-2022 08:47:12 UTC] PHP Notice:  Undefined variable: name in C:\laragon\www\soleos\wp-content\themes\soleos\custom-functions.php on line 353
[05-Dec-2022 08:47:12 UTC] PHP Notice:  Undefined offset: 0 in C:\laragon\www\soleos\wp-includes\plugin.php on line 1011
[05-Dec-2022 08:47:12 UTC] PHP Notice:  Undefined offset: 0 in C:\laragon\www\soleos\wp-includes\plugin.php on line 1014
[05-Dec-2022 08:47:13 UTC] PHP Notice:  Undefined variable: capability in C:\laragon\www\soleos\wp-content\themes\soleos\custom-functions.php on line 352
[05-Dec-2022 08:47:13 UTC] PHP Notice:  Undefined variable: name in C:\laragon\www\soleos\wp-content\themes\soleos\custom-functions.php on line 352
[05-Dec-2022 08:47:13 UTC] PHP Notice:  Undefined offset: 0 in C:\laragon\www\soleos\wp-includes\plugin.php on line 1011
[05-Dec-2022 08:47:13 UTC] PHP Notice:  Undefined offset: 0 in C:\laragon\www\soleos\wp-includes\plugin.php on line 1014
[05-Dec-2022 08:47:13 UTC] PHP Notice:  Undefined variable: capability in C:\laragon\www\soleos\wp-content\themes\soleos\custom-functions.php on line 353
[05-Dec-2022 08:47:13 UTC] PHP Notice:  Undefined variable: name in C:\laragon\www\soleos\wp-content\themes\soleos\custom-functions.php on line 353
[05-Dec-2022 08:47:13 UTC] PHP Notice:  Undefined offset: 0 in C:\laragon\www\soleos\wp-includes\plugin.php on line 1011
[05-Dec-2022 08:47:13 UTC] PHP Notice:  Undefined offset: 0 in C:\laragon\www\soleos\wp-includes\plugin.php on line 1014
[05-Dec-2022 08:47:19 UTC] PHP Notice:  Undefined variable: capability in C:\laragon\www\soleos\wp-content\themes\soleos\custom-functions.php on line 352
[05-Dec-2022 08:47:19 UTC] PHP Notice:  Undefined variable: name in C:\laragon\www\soleos\wp-content\themes\soleos\custom-functions.php on line 352
[05-Dec-2022 08:47:19 UTC] PHP Notice:  Undefined offset: 0 in C:\laragon\www\soleos\wp-includes\plugin.php on line 1011
[05-Dec-2022 08:47:19 UTC] PHP Notice:  Undefined offset: 0 in C:\laragon\www\soleos\wp-includes\plugin.php on line 1014
[05-Dec-2022 08:47:19 UTC] PHP Notice:  Undefined variable: capability in C:\laragon\www\soleos\wp-content\themes\soleos\custom-functions.php on line 353
[05-Dec-2022 08:47:19 UTC] PHP Notice:  Undefined variable: name in C:\laragon\www\soleos\wp-content\themes\soleos\custom-functions.php on line 353
[05-Dec-2022 08:47:19 UTC] PHP Notice:  Undefined offset: 0 in C:\laragon\www\soleos\wp-includes\plugin.php on line 1011
[05-Dec-2022 08:47:19 UTC] PHP Notice:  Undefined offset: 0 in C:\laragon\www\soleos\wp-includes\plugin.php on line 1014
[05-Dec-2022 08:47:30 UTC] PHP Notice:  Undefined variable: capability in C:\laragon\www\soleos\wp-content\themes\soleos\custom-functions.php on line 352
[05-Dec-2022 08:47:30 UTC] PHP Notice:  Undefined variable: name in C:\laragon\www\soleos\wp-content\themes\soleos\custom-functions.php on line 352
[05-Dec-2022 08:47:30 UTC] PHP Notice:  Undefined offset: 0 in C:\laragon\www\soleos\wp-includes\plugin.php on line 1011
[05-Dec-2022 08:47:30 UTC] PHP Notice:  Undefined offset: 0 in C:\laragon\www\soleos\wp-includes\plugin.php on line 1014
[05-Dec-2022 08:47:30 UTC] PHP Notice:  Undefined variable: capability in C:\laragon\www\soleos\wp-content\themes\soleos\custom-functions.php on line 353
[05-Dec-2022 08:47:30 UTC] PHP Notice:  Undefined variable: name in C:\laragon\www\soleos\wp-content\themes\soleos\custom-functions.php on line 353
[05-Dec-2022 08:47:30 UTC] PHP Notice:  Undefined offset: 0 in C:\laragon\www\soleos\wp-includes\plugin.php on line 1011
[05-Dec-2022 08:47:30 UTC] PHP Notice:  Undefined offset: 0 in C:\laragon\www\soleos\wp-includes\plugin.php on line 1014
[05-Dec-2022 08:47:41 UTC] PHP Notice:  Undefined variable: capability in C:\laragon\www\soleos\wp-content\themes\soleos\custom-functions.php on line 352
[05-Dec-2022 08:47:41 UTC] PHP Notice:  Undefined variable: name in C:\laragon\www\soleos\wp-content\themes\soleos\custom-functions.php on line 352
[05-Dec-2022 08:47:41 UTC] PHP Notice:  Undefined offset: 0 in C:\laragon\www\soleos\wp-includes\plugin.php on line 1011
[05-Dec-2022 08:47:41 UTC] PHP Notice:  Undefined offset: 0 in C:\laragon\www\soleos\wp-includes\plugin.php on line 1014
[05-Dec-2022 08:47:41 UTC] PHP Notice:  Undefined variable: capability in C:\laragon\www\soleos\wp-content\themes\soleos\custom-functions.php on line 353
[05-Dec-2022 08:47:41 UTC] PHP Notice:  Undefined variable: name in C:\laragon\www\soleos\wp-content\themes\soleos\custom-functions.php on line 353
[05-Dec-2022 08:47:41 UTC] PHP Notice:  Undefined offset: 0 in C:\laragon\www\soleos\wp-includes\plugin.php on line 1011
[05-Dec-2022 08:47:41 UTC] PHP Notice:  Undefined offset: 0 in C:\laragon\www\soleos\wp-includes\plugin.php on line 1014
[05-Dec-2022 08:47:43 UTC] PHP Notice:  Undefined variable: capability in C:\laragon\www\soleos\wp-content\themes\soleos\custom-functions.php on line 352
[05-Dec-2022 08:47:43 UTC] PHP Notice:  Undefined variable: name in C:\laragon\www\soleos\wp-content\themes\soleos\custom-functions.php on line 352
[05-Dec-2022 08:47:43 UTC] PHP Notice:  Undefined offset: 0 in C:\laragon\www\soleos\wp-includes\plugin.php on line 1011
[05-Dec-2022 08:47:43 UTC] PHP Notice:  Undefined offset: 0 in C:\laragon\www\soleos\wp-includes\plugin.php on line 1014
[05-Dec-2022 08:47:43 UTC] PHP Notice:  Undefined variable: capability in C:\laragon\www\soleos\wp-content\themes\soleos\custom-functions.php on line 353
[05-Dec-2022 08:47:43 UTC] PHP Notice:  Undefined variable: name in C:\laragon\www\soleos\wp-content\themes\soleos\custom-functions.php on line 353
[05-Dec-2022 08:47:43 UTC] PHP Notice:  Undefined offset: 0 in C:\laragon\www\soleos\wp-includes\plugin.php on line 1011
[05-Dec-2022 08:47:43 UTC] PHP Notice:  Undefined offset: 0 in C:\laragon\www\soleos\wp-includes\plugin.php on line 1014
[05-Dec-2022 08:47:48 UTC] PHP Notice:  Undefined variable: capability in C:\laragon\www\soleos\wp-content\themes\soleos\custom-functions.php on line 352
[05-Dec-2022 08:47:48 UTC] PHP Notice:  Undefined variable: name in C:\laragon\www\soleos\wp-content\themes\soleos\custom-functions.php on line 352
[05-Dec-2022 08:47:48 UTC] PHP Notice:  Undefined offset: 0 in C:\laragon\www\soleos\wp-includes\plugin.php on line 1011
[05-Dec-2022 08:47:48 UTC] PHP Notice:  Undefined offset: 0 in C:\laragon\www\soleos\wp-includes\plugin.php on line 1014
[05-Dec-2022 08:47:48 UTC] PHP Notice:  Undefined variable: capability in C:\laragon\www\soleos\wp-content\themes\soleos\custom-functions.php on line 353
[05-Dec-2022 08:47:48 UTC] PHP Notice:  Undefined variable: name in C:\laragon\www\soleos\wp-content\themes\soleos\custom-functions.php on line 353
[05-Dec-2022 08:47:48 UTC] PHP Notice:  Undefined offset: 0 in C:\laragon\www\soleos\wp-includes\plugin.php on line 1011
[05-Dec-2022 08:47:48 UTC] PHP Notice:  Undefined offset: 0 in C:\laragon\www\soleos\wp-includes\plugin.php on line 1014
[05-Dec-2022 08:47:48 UTC] PHP Notice:  Undefined variable: capability in C:\laragon\www\soleos\wp-content\themes\soleos\custom-functions.php on line 352
[05-Dec-2022 08:47:48 UTC] PHP Notice:  Undefined variable: name in C:\laragon\www\soleos\wp-content\themes\soleos\custom-functions.php on line 352
[05-Dec-2022 08:47:48 UTC] PHP Notice:  Undefined offset: 0 in C:\laragon\www\soleos\wp-includes\plugin.php on line 1011
[05-Dec-2022 08:47:48 UTC] PHP Notice:  Undefined offset: 0 in C:\laragon\www\soleos\wp-includes\plugin.php on line 1014
[05-Dec-2022 08:47:48 UTC] PHP Notice:  Undefined variable: capability in C:\laragon\www\soleos\wp-content\themes\soleos\custom-functions.php on line 353
[05-Dec-2022 08:47:48 UTC] PHP Notice:  Undefined variable: name in C:\laragon\www\soleos\wp-content\themes\soleos\custom-functions.php on line 353
[05-Dec-2022 08:47:48 UTC] PHP Notice:  Undefined offset: 0 in C:\laragon\www\soleos\wp-includes\plugin.php on line 1011
[05-Dec-2022 08:47:48 UTC] PHP Notice:  Undefined offset: 0 in C:\laragon\www\soleos\wp-includes\plugin.php on line 1014
[05-Dec-2022 08:47:50 UTC] PHP Notice:  Undefined variable: capability in C:\laragon\www\soleos\wp-content\themes\soleos\custom-functions.php on line 352
[05-Dec-2022 08:47:50 UTC] PHP Notice:  Undefined variable: name in C:\laragon\www\soleos\wp-content\themes\soleos\custom-functions.php on line 352
[05-Dec-2022 08:47:50 UTC] PHP Notice:  Undefined offset: 0 in C:\laragon\www\soleos\wp-includes\plugin.php on line 1011
[05-Dec-2022 08:47:50 UTC] PHP Notice:  Undefined offset: 0 in C:\laragon\www\soleos\wp-includes\plugin.php on line 1014
[05-Dec-2022 08:47:50 UTC] PHP Notice:  Undefined variable: capability in C:\laragon\www\soleos\wp-content\themes\soleos\custom-functions.php on line 353
[05-Dec-2022 08:47:50 UTC] PHP Notice:  Undefined variable: name in C:\laragon\www\soleos\wp-content\themes\soleos\custom-functions.php on line 353
[05-Dec-2022 08:47:50 UTC] PHP Notice:  Undefined offset: 0 in C:\laragon\www\soleos\wp-includes\plugin.php on line 1011
[05-Dec-2022 08:47:50 UTC] PHP Notice:  Undefined offset: 0 in C:\laragon\www\soleos\wp-includes\plugin.php on line 1014
[05-Dec-2022 08:48:51 UTC] PHP Notice:  Undefined variable: capability in C:\laragon\www\soleos\wp-content\themes\soleos\custom-functions.php on line 352
[05-Dec-2022 08:48:51 UTC] PHP Notice:  Undefined variable: name in C:\laragon\www\soleos\wp-content\themes\soleos\custom-functions.php on line 352
[05-Dec-2022 08:48:51 UTC] PHP Notice:  Undefined offset: 0 in C:\laragon\www\soleos\wp-includes\plugin.php on line 1011
[05-Dec-2022 08:48:51 UTC] PHP Notice:  Undefined offset: 0 in C:\laragon\www\soleos\wp-includes\plugin.php on line 1014
[05-Dec-2022 08:48:51 UTC] PHP Notice:  Undefined variable: capability in C:\laragon\www\soleos\wp-content\themes\soleos\custom-functions.php on line 353
[05-Dec-2022 08:48:51 UTC] PHP Notice:  Undefined variable: name in C:\laragon\www\soleos\wp-content\themes\soleos\custom-functions.php on line 353
[05-Dec-2022 08:48:51 UTC] PHP Notice:  Undefined offset: 0 in C:\laragon\www\soleos\wp-includes\plugin.php on line 1011
[05-Dec-2022 08:48:51 UTC] PHP Notice:  Undefined offset: 0 in C:\laragon\www\soleos\wp-includes\plugin.php on line 1014
[05-Dec-2022 08:49:29 UTC] PHP Notice:  Undefined variable: capability in C:\laragon\www\soleos\wp-content\themes\soleos\custom-functions.php on line 352
[05-Dec-2022 08:49:29 UTC] PHP Notice:  Undefined variable: name in C:\laragon\www\soleos\wp-content\themes\soleos\custom-functions.php on line 352
[05-Dec-2022 08:49:29 UTC] PHP Notice:  Undefined offset: 0 in C:\laragon\www\soleos\wp-includes\plugin.php on line 1011
[05-Dec-2022 08:49:29 UTC] PHP Notice:  Undefined offset: 0 in C:\laragon\www\soleos\wp-includes\plugin.php on line 1014
[05-Dec-2022 08:49:29 UTC] PHP Notice:  Undefined variable: capability in C:\laragon\www\soleos\wp-content\themes\soleos\custom-functions.php on line 353
[05-Dec-2022 08:49:29 UTC] PHP Notice:  Undefined variable: name in C:\laragon\www\soleos\wp-content\themes\soleos\custom-functions.php on line 353
[05-Dec-2022 08:49:29 UTC] PHP Notice:  Undefined offset: 0 in C:\laragon\www\soleos\wp-includes\plugin.php on line 1011
[05-Dec-2022 08:49:29 UTC] PHP Notice:  Undefined offset: 0 in C:\laragon\www\soleos\wp-includes\plugin.php on line 1014
[05-Dec-2022 08:49:41 UTC] PHP Notice:  Undefined variable: capability in C:\laragon\www\soleos\wp-content\themes\soleos\custom-functions.php on line 352
[05-Dec-2022 08:49:41 UTC] PHP Notice:  Undefined variable: name in C:\laragon\www\soleos\wp-content\themes\soleos\custom-functions.php on line 352
[05-Dec-2022 08:49:41 UTC] PHP Notice:  Undefined offset: 0 in C:\laragon\www\soleos\wp-includes\plugin.php on line 1011
[05-Dec-2022 08:49:41 UTC] PHP Notice:  Undefined offset: 0 in C:\laragon\www\soleos\wp-includes\plugin.php on line 1014
[05-Dec-2022 08:49:41 UTC] PHP Notice:  Undefined variable: capability in C:\laragon\www\soleos\wp-content\themes\soleos\custom-functions.php on line 353
[05-Dec-2022 08:49:41 UTC] PHP Notice:  Undefined variable: name in C:\laragon\www\soleos\wp-content\themes\soleos\custom-functions.php on line 353
[05-Dec-2022 08:49:41 UTC] PHP Notice:  Undefined offset: 0 in C:\laragon\www\soleos\wp-includes\plugin.php on line 1011
[05-Dec-2022 08:49:41 UTC] PHP Notice:  Undefined offset: 0 in C:\laragon\www\soleos\wp-includes\plugin.php on line 1014
[05-Dec-2022 08:49:42 UTC] PHP Notice:  Undefined variable: capability in C:\laragon\www\soleos\wp-content\themes\soleos\custom-functions.php on line 352
[05-Dec-2022 08:49:42 UTC] PHP Notice:  Undefined variable: name in C:\laragon\www\soleos\wp-content\themes\soleos\custom-functions.php on line 352
[05-Dec-2022 08:49:42 UTC] PHP Notice:  Undefined offset: 0 in C:\laragon\www\soleos\wp-includes\plugin.php on line 1011
[05-Dec-2022 08:49:42 UTC] PHP Notice:  Undefined offset: 0 in C:\laragon\www\soleos\wp-includes\plugin.php on line 1014
[05-Dec-2022 08:49:42 UTC] PHP Notice:  Undefined variable: capability in C:\laragon\www\soleos\wp-content\themes\soleos\custom-functions.php on line 353
[05-Dec-2022 08:49:42 UTC] PHP Notice:  Undefined variable: name in C:\laragon\www\soleos\wp-content\themes\soleos\custom-functions.php on line 353
[05-Dec-2022 08:49:42 UTC] PHP Notice:  Undefined offset: 0 in C:\laragon\www\soleos\wp-includes\plugin.php on line 1011
[05-Dec-2022 08:49:42 UTC] PHP Notice:  Undefined offset: 0 in C:\laragon\www\soleos\wp-includes\plugin.php on line 1014
[05-Dec-2022 08:49:52 UTC] PHP Notice:  Undefined variable: capability in C:\laragon\www\soleos\wp-content\themes\soleos\custom-functions.php on line 352
[05-Dec-2022 08:49:52 UTC] PHP Notice:  Undefined variable: name in C:\laragon\www\soleos\wp-content\themes\soleos\custom-functions.php on line 352
[05-Dec-2022 08:49:52 UTC] PHP Notice:  Undefined offset: 0 in C:\laragon\www\soleos\wp-includes\plugin.php on line 1011
[05-Dec-2022 08:49:52 UTC] PHP Notice:  Undefined offset: 0 in C:\laragon\www\soleos\wp-includes\plugin.php on line 1014
[05-Dec-2022 08:49:52 UTC] PHP Notice:  Undefined variable: capability in C:\laragon\www\soleos\wp-content\themes\soleos\custom-functions.php on line 353
[05-Dec-2022 08:49:52 UTC] PHP Notice:  Undefined variable: name in C:\laragon\www\soleos\wp-content\themes\soleos\custom-functions.php on line 353
[05-Dec-2022 08:49:52 UTC] PHP Notice:  Undefined offset: 0 in C:\laragon\www\soleos\wp-includes\plugin.php on line 1011
[05-Dec-2022 08:49:52 UTC] PHP Notice:  Undefined offset: 0 in C:\laragon\www\soleos\wp-includes\plugin.php on line 1014
[05-Dec-2022 08:49:57 UTC] PHP Notice:  Undefined variable: capability in C:\laragon\www\soleos\wp-content\themes\soleos\custom-functions.php on line 352
[05-Dec-2022 08:49:57 UTC] PHP Notice:  Undefined variable: name in C:\laragon\www\soleos\wp-content\themes\soleos\custom-functions.php on line 352
[05-Dec-2022 08:49:57 UTC] PHP Notice:  Undefined offset: 0 in C:\laragon\www\soleos\wp-includes\plugin.php on line 1011
[05-Dec-2022 08:49:57 UTC] PHP Notice:  Undefined offset: 0 in C:\laragon\www\soleos\wp-includes\plugin.php on line 1014
[05-Dec-2022 08:49:57 UTC] PHP Notice:  Undefined variable: capability in C:\laragon\www\soleos\wp-content\themes\soleos\custom-functions.php on line 353
[05-Dec-2022 08:49:57 UTC] PHP Notice:  Undefined variable: name in C:\laragon\www\soleos\wp-content\themes\soleos\custom-functions.php on line 353
[05-Dec-2022 08:49:57 UTC] PHP Notice:  Undefined offset: 0 in C:\laragon\www\soleos\wp-includes\plugin.php on line 1011
[05-Dec-2022 08:49:57 UTC] PHP Notice:  Undefined offset: 0 in C:\laragon\www\soleos\wp-includes\plugin.php on line 1014
[05-Dec-2022 08:52:55 UTC] PHP Notice:  Undefined index: enable_shortcode in C:\laragon\www\soleos\wp-content\plugins\acf-extended\includes\admin\settings.php on line 607
[05-Dec-2022 08:52:55 UTC] PHP Notice:  Undefined index: enable_shortcode in C:\laragon\www\soleos\wp-content\plugins\acf-extended\includes\admin\settings.php on line 608
[05-Dec-2022 08:52:55 UTC] PHP Notice:  Undefined index: enable_shortcode in C:\laragon\www\soleos\wp-content\plugins\acf-extended\includes\admin\settings.php on line 611
[05-Dec-2022 08:52:55 UTC] PHP Notice:  Undefined index: enable_shortcode in C:\laragon\www\soleos\wp-content\plugins\acf-extended\includes\admin\settings.php on line 612
[05-Dec-2022 09:25:19 UTC] PHP Parse error:  syntax error, unexpected 'endif' (T_ENDIF), expecting end of file in C:\laragon\www\soleos\wp-content\themes\soleos\archive-services.php on line 194
[06-Dec-2022 09:21:24 UTC] PHP Notice:  Trying to access array offset on value of type int in C:\laragon\www\soleos\wp-content\themes\soleos\archive-services.php on line 217
[06-Dec-2022 09:21:24 UTC] PHP Notice:  Trying to access array offset on value of type int in C:\laragon\www\soleos\wp-content\themes\soleos\archive-services.php on line 217
[06-Dec-2022 09:21:25 UTC] PHP Notice:  Trying to access array offset on value of type int in C:\laragon\www\soleos\wp-content\themes\soleos\archive-services.php on line 217
[06-Dec-2022 09:21:25 UTC] PHP Notice:  Trying to access array offset on value of type int in C:\laragon\www\soleos\wp-content\themes\soleos\archive-services.php on line 217
[06-Dec-2022 09:22:41 UTC] PHP Notice:  Trying to access array offset on value of type int in C:\laragon\www\soleos\wp-content\themes\soleos\archive-services.php on line 217
[06-Dec-2022 09:22:41 UTC] PHP Notice:  Trying to access array offset on value of type int in C:\laragon\www\soleos\wp-content\themes\soleos\archive-services.php on line 217
[06-Dec-2022 09:22:44 UTC] PHP Notice:  Trying to access array offset on value of type int in C:\laragon\www\soleos\wp-content\themes\soleos\archive-services.php on line 217
[06-Dec-2022 09:22:44 UTC] PHP Notice:  Trying to access array offset on value of type int in C:\laragon\www\soleos\wp-content\themes\soleos\archive-services.php on line 217
[06-Dec-2022 11:06:09 UTC] PHP Notice:  Trying to access array offset on value of type bool in C:\laragon\www\soleos\wp-content\themes\soleos\archive-services.php on line 307
[06-Dec-2022 11:06:10 UTC] PHP Notice:  Trying to access array offset on value of type bool in C:\laragon\www\soleos\wp-content\themes\soleos\archive-services.php on line 307
[06-Dec-2022 11:06:51 UTC] PHP Notice:  Trying to access array offset on value of type bool in C:\laragon\www\soleos\wp-content\themes\soleos\archive-services.php on line 307
[06-Dec-2022 11:06:52 UTC] PHP Notice:  Trying to access array offset on value of type bool in C:\laragon\www\soleos\wp-content\themes\soleos\archive-services.php on line 307
[06-Dec-2022 11:43:46 UTC] PHP Notice:  Trying to access array offset on value of type bool in C:\laragon\www\soleos\wp-content\themes\soleos\archive-services.php on line 85
[06-Dec-2022 11:43:46 UTC] PHP Notice:  Trying to access array offset on value of type bool in C:\laragon\www\soleos\wp-content\themes\soleos\archive-services.php on line 85
[06-Dec-2022 11:43:46 UTC] PHP Notice:  Trying to access array offset on value of type bool in C:\laragon\www\soleos\wp-content\themes\soleos\archive-services.php on line 85
[06-Dec-2022 11:43:47 UTC] PHP Notice:  Trying to access array offset on value of type bool in C:\laragon\www\soleos\wp-content\themes\soleos\archive-services.php on line 85
[06-Dec-2022 11:43:47 UTC] PHP Notice:  Trying to access array offset on value of type bool in C:\laragon\www\soleos\wp-content\themes\soleos\archive-services.php on line 85
[06-Dec-2022 11:43:47 UTC] PHP Notice:  Trying to access array offset on value of type bool in C:\laragon\www\soleos\wp-content\themes\soleos\archive-services.php on line 85
[06-Dec-2022 11:45:30 UTC] PHP Notice:  Trying to access array offset on value of type bool in C:\laragon\www\soleos\wp-content\themes\soleos\archive-services.php on line 86
[06-Dec-2022 11:45:30 UTC] PHP Notice:  Undefined offset: 3 in C:\laragon\www\soleos\wp-includes\class-wp-query.php on line 3571
[06-Dec-2022 11:45:30 UTC] PHP Notice:  Trying to access array offset on value of type bool in C:\laragon\www\soleos\wp-content\themes\soleos\archive-services.php on line 86
[06-Dec-2022 11:45:32 UTC] PHP Notice:  Trying to access array offset on value of type bool in C:\laragon\www\soleos\wp-content\themes\soleos\archive-services.php on line 86
[06-Dec-2022 11:45:32 UTC] PHP Notice:  Undefined offset: 3 in C:\laragon\www\soleos\wp-includes\class-wp-query.php on line 3571
[06-Dec-2022 11:45:32 UTC] PHP Notice:  Trying to access array offset on value of type bool in C:\laragon\www\soleos\wp-content\themes\soleos\archive-services.php on line 86
[06-Dec-2022 11:46:09 UTC] PHP Notice:  Trying to access array offset on value of type bool in C:\laragon\www\soleos\wp-content\themes\soleos\archive-services.php on line 85
[06-Dec-2022 11:46:09 UTC] PHP Notice:  Trying to access array offset on value of type bool in C:\laragon\www\soleos\wp-content\themes\soleos\archive-services.php on line 85
[06-Dec-2022 11:46:09 UTC] PHP Notice:  Trying to access array offset on value of type bool in C:\laragon\www\soleos\wp-content\themes\soleos\archive-services.php on line 85
[06-Dec-2022 11:46:10 UTC] PHP Notice:  Trying to access array offset on value of type bool in C:\laragon\www\soleos\wp-content\themes\soleos\archive-services.php on line 85
[06-Dec-2022 11:46:10 UTC] PHP Notice:  Trying to access array offset on value of type bool in C:\laragon\www\soleos\wp-content\themes\soleos\archive-services.php on line 85
[06-Dec-2022 11:46:10 UTC] PHP Notice:  Trying to access array offset on value of type bool in C:\laragon\www\soleos\wp-content\themes\soleos\archive-services.php on line 85
